This is TeX, Version 3.14159 (MiKTeX 2.1) (preloaded format=latex 2000.11.28)  31 OCT 2003 17:09
**qte-model
(qte-model.tex
LaTeX2e <2001/06/01>
Babel <v3.7h> and hyphenation patterns for english, french, german, ngerman, du
mylang, nohyphenation, loaded.
(cinput.tex) (d:\texmf\tex\latex\base\book.cls
Document Class: book 2001/04/21 v1.4e Standard LaTeX document class
(d:\texmf\tex\latex\base\bk12.clo
File: bk12.clo 2001/04/21 v1.4e Standard LaTeX file (size option)
)
\c@part=\count79
\c@chapter=\count80
\c@section=\count81
\c@subsection=\count82
\c@subsubsection=\count83
\c@paragraph=\count84
\c@subparagraph=\count85
\c@figure=\count86
\c@table=\count87
\abovecaptionskip=\skip41
\belowcaptionskip=\skip42
\bibindent=\dimen102
) (d:\texmf\tex\latex\comment\comment.sty
\CommentStream=\write3

Excluding comment 'comment') (d:\texmf\tex\latex\lastpage\lastpage.sty
Package: lastpage 1994/06/25 v0.1b LaTeX2e package for refs to last page number
 (JPG)
)
(d:\texmf\tex\latex\booktabs\booktabs.sty
Package: booktabs 1995/11/06 v1.00 publication quality tables
\heavyrulewidth=\dimen103
\lightrulewidth=\dimen104
\cmidrulewidth=\dimen105
\belowrulesep=\dimen106
\aboverulesep=\dimen107
\cmidrulesep=\dimen108
\cmidrulekern=\dimen109
\defaultaddspace=\dimen110
\rulesflag=\count88
\@cmidrulewidth=\dimen111
\@cmidla=\count89
\@cmidlb=\count90
)
(d:\texmf\tex\latex\tools\longtable.sty
Package: longtable 2000/10/22 v4.10 Multi-page Table package (DPC)
\LTleft=\skip43
\LTright=\skip44
\LTpre=\skip45
\LTpost=\skip46
\LTchunksize=\count91
\LTcapwidth=\dimen112
\LT@head=\box26
\LT@firsthead=\box27
\LT@foot=\box28
\LT@lastfoot=\box29
\LT@cols=\count92
\LT@rows=\count93
\c@LT@tables=\count94
\c@LT@chunks=\count95
\LT@p@ftn=\toks14
)
(d:\texmf\tex\latex\graphics\graphicx.sty
Package: graphicx 1999/02/16 v1.0f Enhanced LaTeX Graphics (DPC,SPQR)

(d:\texmf\tex\latex\graphics\keyval.sty
Package: keyval 1999/03/16 v1.13 key=value parser (DPC)
\KV@toks@=\toks15
)
(d:\texmf\tex\latex\graphics\graphics.sty
Package: graphics 2001/07/07 v1.0n Standard LaTeX Graphics (DPC,SPQR)
 (d:\texmf\tex\latex\graphics\trig.sty
Package: trig 1999/03/16 v1.09 sin cos tan (DPC)
) (d:\texmf\tex\latex\00miktex\graphics.cfg)
Package graphics Info: Driver file: dvips.def on input line 80.

(d:\texmf\tex\latex\graphics\dvips.def
File: dvips.def 1999/02/16 v3.0i Driver-dependant file (DPC,SPQR)
))
\Gin@req@height=\dimen113
\Gin@req@width=\dimen114
)
(d:\texmf\tex\latex\listings\listings.sty
Package: listings 2003/06/21 1.1 (Carsten Heinz)
\lst@mode=\count96
\lst@gtempboxa=\box30
\lst@token=\toks16
\lst@length=\count97
\lst@currlwidth=\dimen115
\lst@column=\count98
\lst@pos=\count99
\lst@lostspace=\dimen116
\lst@width=\dimen117
\lst@newlines=\count100
\lst@lineno=\count101
\c@lstlisting=\count102
\lst@maxwidth=\dimen118

(d:\texmf\tex\latex\listings\lstpatch.sty
File: lstpatch.sty 2003/06/21 1.1 (Carsten Heinz)
)
(d:\texmf\tex\latex\listings\lstmisc.sty
File: lstmisc.sty 2003/06/21 1.1 (Carsten Heinz)
\c@lstnumber=\count103
\lst@skipnumbers=\count104
\lst@framebox=\box31
)
(d:\texmf\tex\latex\listings\listings.cfg
File: listings.cfg 2002/04/01 v1.0 listings configuration
))
(d:\texmf\tex\latex\graphics\color.sty
Package: color 1999/02/16 v1.0i Standard LaTeX Color (DPC)
 (d:\texmf\tex\latex\00miktex\color.cfg)
Package color Info: Driver file: dvips.def on input line 125.

(d:\texmf\tex\latex\graphics\dvipsnam.def
File: dvipsnam.def 1999/02/16 v3.0i Driver-dependant file (DPC,SPQR)
))
(d:\texmf\tex\latex\titlesec\titlesec.sty
Package: titlesec 2001/01/23 v2.4 Sectioning titles
\ttl@box=\box32
\titlewidth=\dimen119

(d:\texmf\tex\latex\titlesec\titlesec.new
*** titlesec 2.4, loading patch level 2 ***))
(d:\texmf\tex\latex\fancyhdr\fancyhdr.sty
\headwidth=\dimen120
) (qte-model.aux
(qte-connect-server.aux) (qte-eventloop.aux) (qte-key-handler.aux

LaTeX Warning: Label `qkbd_qws.h' multiply defined.

) (qpopupmenu_by_key.aux) (qte-keyevent.aux))
LaTeX Font Info:    Checking defaults for OML/cmm/m/it on input line 44.
LaTeX Font Info:    ... okay on input line 44.
LaTeX Font Info:    Checking defaults for T1/cmr/m/n on input line 44.
LaTeX Font Info:    ... okay on input line 44.
LaTeX Font Info:    Checking defaults for OT1/cmr/m/n on input line 44.
LaTeX Font Info:    ... okay on input line 44.
LaTeX Font Info:    Checking defaults for OMS/cmsy/m/n on input line 44.
LaTeX Font Info:    ... okay on input line 44.
LaTeX Font Info:    Checking defaults for OMX/cmex/m/n on input line 44.
LaTeX Font Info:    ... okay on input line 44.
LaTeX Font Info:    Checking defaults for U/cmr/m/n on input line 44.
LaTeX Font Info:    ... okay on input line 44.
LaTeX Font Info:    Try loading font information for OT1+cwM6 on input line 46.


(d:\texmf\tex\latex\cwfont\ot1cwm6.fd
File: ot1cwM6.fd 2000/12/24 font definitions for OT1/cwM6.
)
LaTeX Font Info:    Try loading font information for OT1+cwM4 on input line 46.

 (d:\texmf\tex\latex\cwfont\ot1cwm4.fd
File: ot1cwM4.fd 2000/12/24 font definitions for OT1/cwM4.
)
[1


]

Package Fancyhdr Warning: \headheight is too small (12.0pt): 
 Make it at least 14.49998pt.
 We now make it that large for the rest of the document.
 This may cause the page layout to be inconsistent, however.

[2

]
LaTeX Font Info:    Try loading font information for OT1+cwM1 on input line 50.

 (d:\texmf\tex\latex\cwfont\ot1cwm1.fd
File: ot1cwM1.fd 2000/12/24 font definitions for OT1/cwM1.
)
LaTeX Font Info:    Try loading font information for OT1+cwM9 on input line 50.


(d:\texmf\tex\latex\cwfont\ot1cwm9.fd
File: ot1cwM9.fd 2000/12/24 font definitions for OT1/cwM9.
) (qte-model.toc
LaTeX Font Info:    Try loading font information for OT1+cwM0 on input line 1.

(d:\texmf\tex\latex\cwfont\ot1cwm0.fd
File: ot1cwM0.fd 2000/12/24 font definitions for OT1/cwM0.
)
LaTeX Font Info:    Try loading font information for OT1+cwM2 on input line 1.
 (d:\texmf\tex\latex\cwfont\ot1cwm2.fd
File: ot1cwM2.fd 2000/12/24 font definitions for OT1/cwM2.
)
LaTeX Font Info:    Try loading font information for OT1+cwM3 on input line 5.

(d:\texmf\tex\latex\cwfont\ot1cwm3.fd
File: ot1cwM3.fd 2000/12/24 font definitions for OT1/cwM3.
)
LaTeX Font Info:    External font `cmex10' loaded for size
(Font)              <12> on input line 5.
LaTeX Font Info:    External font `cmex10' loaded for size
(Font)              <8> on input line 5.
LaTeX Font Info:    External font `cmex10' loaded for size
(Font)              <6> on input line 5.
LaTeX Font Info:    Try loading font information for OT1+cwM11 on input line 7.

 (d:\texmf\tex\latex\cwfont\ot1cwm11.fd
File: ot1cwM11.fd 2000/12/24 font definitions for OT1/cwM11.
)
LaTeX Font Info:    Try loading font information for OT1+cwM5 on input line 11.


(d:\texmf\tex\latex\cwfont\ot1cwm5.fd
File: ot1cwM5.fd 2000/12/24 font definitions for OT1/cwM5.
)
LaTeX Font Info:    Try loading font information for OT1+cwM7 on input line 15.

 (d:\texmf\tex\latex\cwfont\ot1cwm7.fd
File: ot1cwM7.fd 2000/12/24 font definitions for OT1/cwM7.
))
\tf@toc=\write4

[3]
LaTeX Font Info:    Try loading font information for OT1+CWM1 on input line 53.

 (d:\texmf\tex\latex\cwfont\ot1cwm1.fd
File: ot1cwM1.fd 2000/12/24 font definitions for OT1/cwM1.
)

LaTeX Font Warning: Font shape `OT1/CWM1/M/n' undefined
(Font)              using `OT1/cmr/m/n' instead on input line 53.

Missing character: There is no ñ in font cmr12!
LaTeX Font Info:    Try loading font information for OT1+CWM9 on input line 53.

(d:\texmf\tex\latex\cwfont\ot1cwm9.fd
File: ot1cwM9.fd 2000/12/24 font definitions for OT1/cwM9.
)

LaTeX Font Warning: Font shape `OT1/CWM9/M/n' undefined
(Font)              using `OT1/cmr/m/n' instead on input line 53.

Missing character: There is no “ in font cmr12!
[4

]
Chapter 1.
[5] (qte-connect-server.tex [6


]
Chapter 2.
LaTeX Font Info:    Try loading font information for OMS+cmr on input line 9.
(d:\texmf\tex\latex\base\omscmr.fd
File: omscmr.fd 1999/05/25 v2.5h Standard LaTeX font definitions
)
LaTeX Font Info:    Font shape `OMS/cmr/m/n' in size <10> not available
(Font)              Font shape `OMS/cmsy/m/n' tried instead on input line 9.
LaTeX Font Info:    External font `cmex10' loaded for size
(Font)              <7> on input line 14.
LaTeX Font Info:    External font `cmex10' loaded for size
(Font)              <5> on input line 14.
LaTeX Font Info:    Try loading font information for OML+cmr on input line 14.
 (d:\texmf\tex\latex\base\omlcmr.fd
File: omlcmr.fd 1999/05/25 v2.5h Standard LaTeX font definitions
)
LaTeX Font Info:    Font shape `OML/cmr/m/n' in size <10> not available
(Font)              Font shape `OML/cmm/m/it' tried instead on input line 14.

Overfull \hbox (4.84637pt too wide) in paragraph at lines 30--32
\OT1/cmr/m/n/12 in $QT-DIR/s-r-c/k-er-nel-win-dowsys-tem[]qws.cpp), \OT1/cwM1/m
/n/12 }  \OT1/cwM2/m/n/12  ø \OT1/cwM0/m/n/12 _ \OT1/cwM1/m/n/12 h í \OT1/cmr
/m/n/12 QWSWin-dow\OT1/cwM0/m/n/12  
 []

) [7] (qte-eventloop.tex [8



]
Chapter 3.

Overfull \hbox (47.53598pt too wide) in paragraph at lines 2--6
\OT1/cmr/m/n/12 QApplication::exec() \OT1/cwM1/m/n/12 } \OT1/cwM3/m/n/12 ã Ê \O
T1/cmr/m/n/12 QAp-pli-ca-tion::eventLoop(), \OT1/cwM2/m/n/12 7 \OT1/cmr/m/n/12 
QAp-pli-ca-tion::eventLoop()
 []

[9]
Overfull \hbox (38.73274pt too wide) in paragraph at lines 74--76
[]\OT1/cmr/m/n/12 QEventLoop::exec() \OT1/cwM1/m/n/12 } \OT1/cwM3/m/n/12 ã Ê \O
T1/cmr/m/n/12 QEvent-Loop::enterLoop()\OT1/cwM0/m/n/12  \OT1/cmr/m/n/12 QEvent
-Loop::enterLoop()
 []


Overfull \hbox (42.48436pt too wide) in paragraph at lines 78--79
[]\OT1/cmr/m/n/12 QEventLoop::processEvents(ProcessEventsFlags flags) (\OT1/cwM
0/m/n/12 Ê \OT1/cmr/m/n/12 qevent-loop[]qws.cpp) 
 []

[10]
Underfull \vbox (badness 10000) detected at line 136
 []

[11]
Underfull \vbox (badness 10000) detected at line 180
 []

[12]
Underfull \vbox (badness 10000) detected at line 223
 []

[13]
Overfull \hbox (9.87488pt too wide) in paragraph at lines 257--257
 []\OT1/cmtt/m/n/12 void processEvents( ProcessEventsFlags flags, int maxtime )
;[] 
 []

LaTeX Font Info:    Try loading font information for OT1+cwM8 on input line 258
.
(d:\texmf\tex\latex\cwfont\ot1cwm8.fd
File: ot1cwM8.fd 2000/12/24 font definitions for OT1/cwM8.
)) [14] (qte-key-handler.tex
Chapter 4.

Overfull \hbox (3.88582pt too wide) in alignment at lines 7--19
 [] [] 
 []


Underfull \vbox (badness 10000) detected at line 19
 []

File: eps/tty_keyboard.eps Graphic file (type eps)
<eps/tty_keyboard.eps> [15



] [16]
Underfull \vbox (badness 10000) detected at line 129
 []

[17]
Overfull \hbox (35.5734pt too wide) in paragraph at lines 175--181
\OT1/cmr/m/n/12 ded/qkb-d-driver-fac-tory[]qws.h, $QT-DIR/s-r-c/em-bed-ded/qkb-
d-driver-fac-tory[]qws.cpp\OT1/cwM0/m/n/12 
 []


Underfull \vbox (badness 10000) has occurred while \output is active []

 [18]
[19] [20]
LaTeX Font Info:    Try loading font information for OT1+cwM10 on input line 32
5.
 (d:\texmf\tex\latex\cwfont\ot1cwm10.fd
File: ot1cwM10.fd 2000/12/24 font definitions for OT1/cwM10.
) [21]
Overfull \hbox (52.0229pt too wide) in paragraph at lines 329--331
[]\OT1/cwM0/m/n/12 J - J []\OT1/cmtt/m/n/12 qkbdvr41xx_qws.h\OT1/cmr/m/n/12 , [
]\OT1/cmtt/m/n/12 qkbdvr41xx_qws.cpp \OT1/cwM0/m/n/12 V \OT1/cwM2/m/n/12 z \OT1
/cwM1/m/n/12 p\OT1/cwM0/m/n/12  l \OT1/cwM1/m/n/12 õ õ []\OT1/cmtt/m/n/12 qkbd
vr41xx_qws.h
 []

File: eps/QWSVr41xxKeyboardHandler.eps Graphic file (type eps)
<eps/QWSVr41xxKeyboardHandler.eps>
Overfull \hbox (50.40654pt too wide) in paragraph at lines 355--357
\OT1/cmr/m/n/12 QWSVr41xxKbPrivate \OT1/cwM0/m/n/12 ì \OT1/cwM2/m/n/12 2 \OT1/c
wM0/m/n/12 Ê []\OT1/cmtt/m/n/12 qkbdvr41xx_qws.cpp\OT1/cmr/m/n/12 , \OT1/cwM8/m
/n/12 é \OT1/cwM1/m/n/12 B \OT1/cwM0/m/n/12 b \OT1/cwM1/m/n/12 õ õ []\OT1/cmtt/
m/n/12 qkbdvr41xx_qws.cpp\OT1/cmr/m/n/12 : 
 []

[22]
Underfull \vbox (badness 10000) detected at line 418
 []

[23]
Underfull \vbox (badness 10000) detected at line 466
 []

[24]
Overfull \hbox (87.84315pt too wide) in paragraph at lines 498--500
[]\OT1/cwM1/m/n/12 | \OT1/cwM0/m/n/12 3 \OT1/cwM2/m/n/12 b \OT1/cwM1/m/n/12 í \
OT1/cwM8/m/n/12 è \OT1/cwM0/m/n/12 ¦ \OT1/cwM9/m/n/12 œ \OT1/cwM7/m/n/12 b \OT1
/cwM2/m/n/12 _ 0 \OT1/cwM1/m/n/12 í 	 \OT1/cwM0/m/n/12 T \OT1/cwM1/m/n/12 u â \
OT1/cmr/m/n/12 QWSVr41xxKbPrivate class \OT1/cwM0/m/n/12 d \OT1/cwM1/m/n/12 í\O
T1/cmr/m/n/12 , Vr41xxKeyboardHandler
 []

[25] (qkbdcnct_qws.h) (qkbdcnct_qws.cpp [26]
Underfull \vbox (badness 10000) detected at line 53
 []

[27]
Underfull \vbox (badness 10000) detected at line 99
 []

[28])
File: eps/QWSCnctKeyboardHandler.eps Graphic file (type eps)
 <eps/QWSCnctKeyboardHandler.eps> [29]
Overfull \hbox (37.33704pt too wide) in paragraph at lines 548--550
[]\OT1/cwM0/m/n/12 y V Z \OT1/cwM1/m/n/12 u \OT1/cwM0/m/n/12 ^ \OT1/cwM1/m/n/12
 Z \OT1/cmr/m/n/12 $QT-DIR/s-r-c/em-bed-ded/qkb-d-driver-fac-tory[]qws.cpp \OT1
/cwM0/m/n/12 2 \OT1/cwM1/m/n/12 í \OT1/cmr/m/n/12 QWSKey-
 []


Overfull \hbox (19.6666pt too wide) in paragraph at lines 548--550
\OT1/cmr/m/n/12 board-Han-dler *QKb-d-Driver-Fac-tory::create( const QString& k
ey, const QString&
 []

[30] [31] [32] [33]
Underfull \vbox (badness 10000) detected at line 788
 []

[34]
Underfull \vbox (badness 10000) detected at line 835
 []

[35]
Underfull \vbox (badness 10000) detected at line 871
 []

[36]
LaTeX Font Info:    Try loading font information for OT1+cwM18 on input line 89
1.
 (d:\texmf\tex\latex\cwfont\ot1cwm18.fd
File: ot1cwM18.fd 2000/12/24 font definitions for OT1/cwM18.
)
File: eps/flowchart.eps Graphic file (type eps)
 <eps/flowchart.eps>) [37] [38]
(qpopupmenu_by_key.tex
Chapter 5.
[39



])
Overfull \hbox (1.3198pt too wide) in paragraph at lines 79--65
[]\OT1/cwM0/m/n/12 l \OT1/cwM3/m/n/12 ‡ \OT1/cwM1/m/n/12 i ñ \OT1/cwM0/m/n/12 ‡
 \OT1/cwM1/m/n/12 í O \OT1/cwM9/m/n/12 œ \OT1/cwM1/m/n/12 u \OT1/cwM0/m/n/12 . 
\OT1/cwM1/m/n/12 u \OT1/cmr/m/n/12 ESC, \OT1/cwM2/m/n/12 J \OT1/cwM1/m/n/12 u \
OT1/cmr/m/n/12 ESC \OT1/cwM0/m/n/12 Ê d \OT1/cwM2/m/n/12 ª ø \OT1/cwM1/m/n/12 ¥
 í \OT1/cwM2/m/n/12 T \OT1/cwM1/m/n/12 Ü\OT1/cmr/m/n/12 , \OT1/cwM1/m/n/12 ² \O
T1/cwM0/m/n/12 ì \OT1/cwM2/m/n/12 b \OT1/cwM7/m/n/12 ‘ \OT1/cwM0/m/n/12 | \OT1/
cmr/m/n/12 QPop-
 []

[40] (qte-keyevent.tex
Chapter 6.

Overfull \hbox (0.7953pt too wide) in paragraph at lines 3--5
\OT1/cmr/m/n/12 keyboard \OT1/cwM1/m/n/12 } \OT1/cwM2/m/n/12 % \OT1/cwM1/m/n/12
 â \OT1/cmr/m/n/12 QWSKey-board-Han-dler::processKeyEvent() \OT1/cwM0/m/n/12 V 
\OT1/cwM2/m/n/12 T \OT1/cwM1/m/n/12 Ü \OT1/cmr/m/n/12 keyevent\OT1/cwM0/m/n/12 
 
 []


Overfull \hbox (66.05003pt too wide) in paragraph at lines 13--16
[][]\OT1/cmtt/m/n/12 qwsServer->processKeyEvent(unicode,keycode,modifiers,sPres
s,autoRepeat)
 []

[41



]
Underfull \vbox (badness 10000) detected at line 76
 []

[42]) [43] [44


]
Chapter 7.
LaTeX Font Info:    Font shape `OMS/cmr/m/n' in size <12> not available
(Font)              Font shape `OMS/cmsy/m/n' tried instead on input line 70.
AED: lastpage setting LastPage [45] (qte-model.aux (qte-connect-server.aux)
(qte-eventloop.aux) (qte-key-handler.aux) (qpopupmenu_by_key.aux)
(qte-keyevent.aux))

LaTeX Font Warning: Some font shapes were not available, defaults substituted.


LaTeX Warning: There were multiply-defined labels.

 )
Output written on qte-model.dvi (45 pages, 226176 bytes).
